<?xml version="1.0" encoding="UTF-8"?>
<testsuite name="com.rent.PersonControllerTest" tests="1" skipped="0" failures="0" errors="0" timestamp="2018-12-08T16:32:37" hostname="DESKTOP-5276TSR" time="0.093">
  <properties/>
  <testcase name="createPerson" classname="com.rent.PersonControllerTest" time="0.093"/>
  <system-out><![CDATA[]]></system-out>
  <system-err><![CDATA[]]></system-err>
</testsuite>
